<?xml version="1.0" encoding="UTF-8"?>
<persistence xmlns:xsi="http://www.w3.org/2001/XMLSchema-instance"
             xmlns="http://xmlns.jcp.org/xml/ns/persistence"
             xsi:schemaLocation="http://xmlns.jcp.org/xml/ns/persistence http://xmlns.jcp.org/xml/ns/persistence/persistence_2_2.xsd"
             version="2.2">

    <persistence-unit name="bookStorePU" transaction-type="JTA">
        <properties>
            <!-- Drop and Create the Database each time you re-deploy the app-->
            <property name="javax.persistence.schema-generation.database.action" value="drop-and-create"/>
            <property name="javax.persistence.schema-generation.scripts.action" value="drop-and-create"/>
            <!-- DDL script: create tables, store @ wildfly/bin/ -->
            <property name="javax.persistence.schema-generation.scripts.create-target" value="bookStoreCreate.ddl"/>
            <!-- DDL script:  drop tables, store @ wildfly/bin/  -->
            <property name="javax.persistence.schema-generation.scripts.drop-target" value="bookStoreDrop.ddl"/>
        </properties>
    </persistence-unit>
</persistence>